app/build/outputs/logs/manifest-merger-debug-report.txt
-- Merging decision tree log ---
manifest
ADDED from src/main/AndroidManifest.xml:2:1-214:12
	package
		ADDED from src/main/AndroidManifest.xml:3:5-45
		INJECTED from src/main/AndroidManifest.xml
		INJECTED from src/main/AndroidManifest.xml
	android:versionName
		ADDED from src/main/AndroidManifest.xml:5:5-30
	android:versionCode
		ADDED from src/main/AndroidManifest.xml:4:5-28
		INJECTED from src/main/AndroidManifest.xml
		INJECTED from src/main/AndroidManifest.xml
	xmlns:android
		ADDED from src/main/AndroidManifest.xml:2:11-69
uses-sdk
ADDED from src/main/AndroidManifest.xml:7:5-9:41
MERGED from [com.android.support:support-v4:20.0.0] AndroidManifest.xml:16:5-42
	android:targetSdkVersion
		ADDED from src/main/AndroidManifest.xml:9:9-38
		INJECTED from src/main/AndroidManifest.xml
		INJECTED from src/main/AndroidManifest.xml
	android:minSdkVersion
		ADDED from src/main/AndroidManifest.xml:8:9-34
		INJECTED from src/main/AndroidManifest.xml
		INJECTED from src/main/AndroidManifest.xml
uses-permission#android.permission.WRITE_EXTERNAL_STORAGE
ADDED from src/main/AndroidManifest.xml:11:5-81
	android:name
		ADDED from src/main/AndroidManifest.xml:11:22-78
uses-permission#android.permission.MOUNT_UNMOUNT_FILESYSTEMS
ADDED from src/main/AndroidManifest.xml:12:5-84
	android:name
		ADDED from src/main/AndroidManifest.xml:12:22-81
uses-permission#android.permission.INTERNET
ADDED from src/main/AndroidManifest.xml:13:5-67
	android:name
		ADDED from src/main/AndroidManifest.xml:13:22-64
uses-permission#android.permission.READ_PHONE_STATE
ADDED from src/main/AndroidManifest.xml:14:5-75
	android:name
		ADDED from src/main/AndroidManifest.xml:14:22-72
uses-permission#android.permission.USE_SIP
ADDED from src/main/AndroidManifest.xml:15:5-66
	android:name
		ADDED from src/main/AndroidManifest.xml:15:22-63
uses-permission#android.permission.BATTERY_STATS
ADDED from src/main/AndroidManifest.xml:16:5-72
	android:name
		ADDED from src/main/AndroidManifest.xml:16:22-69
uses-feature#android.hardware.camera
ADDED from src/main/AndroidManifest.xml:24:5-26:36
	android:required
		ADDED from src/main/AndroidManifest.xml:26:9-33
	android:name
		ADDED from src/main/AndroidManifest.xml:25:9-47
uses-feature#android.hardware.camera.autofocus
ADDED from src/main/AndroidManifest.xml:27:5-29:36
	android:required
		ADDED from src/main/AndroidManifest.xml:29:9-33
	android:name
		ADDED from src/main/AndroidManifest.xml:28:9-57
uses-feature#android.hardware.bluetooth
ADDED from src/main/AndroidManifest.xml:30:5-32:36
	android:required
		ADDED from src/main/AndroidManifest.xml:32:9-33
	android:name
		ADDED from src/main/AndroidManifest.xml:31:9-50
uses-feature#android.hardware.location
ADDED from src/main/AndroidManifest.xml:33:5-35:36
	android:required
		ADDED from src/main/AndroidManifest.xml:35:9-33
	android:name
		ADDED from src/main/AndroidManifest.xml:34:9-49
uses-feature#android.hardware.location.gps
ADDED from src/main/AndroidManifest.xml:36:5-38:36
	android:required
		ADDED from src/main/AndroidManifest.xml:38:9-33
	android:name
		ADDED from src/main/AndroidManifest.xml:37:9-53
uses-feature#android.hardware.location.network
ADDED from src/main/AndroidManifest.xml:39:5-41:36
	android:required
		ADDED from src/main/AndroidManifest.xml:41:9-33
	android:name
		ADDED from src/main/AndroidManifest.xml:40:9-57
uses-feature#android.hardware.microphone
ADDED from src/main/AndroidManifest.xml:42:5-44:36
	android:required
		ADDED from src/main/AndroidManifest.xml:44:9-33
	android:name
		ADDED from src/main/AndroidManifest.xml:43:9-51
uses-feature#android.hardware.telephony
ADDED from src/main/AndroidManifest.xml:45:5-47:36
	android:required
		ADDED from src/main/AndroidManifest.xml:47:9-33
	android:name
		ADDED from src/main/AndroidManifest.xml:46:9-50
uses-feature#android.hardware.touchscreen
ADDED from src/main/AndroidManifest.xml:48:5-50:36
	android:required
		ADDED from src/main/AndroidManifest.xml:50:9-33
	android:name
		ADDED from src/main/AndroidManifest.xml:49:9-52
uses-feature#android.hardware.wifi
ADDED from src/main/AndroidManifest.xml:51:5-53:36
	android:required
		ADDED from src/main/AndroidManifest.xml:53:9-33
	android:name
		ADDED from src/main/AndroidManifest.xml:52:9-45
uses-permission#android.permission.ACCESS_NETWORK_STATE
ADDED from src/main/AndroidManifest.xml:55:5-79
	android:name
		ADDED from src/main/AndroidManifest.xml:55:22-76
uses-permission#android.permission.ACCESS_COARSE_LOCATION
ADDED from src/main/AndroidManifest.xml:56:5-81
	android:name
		ADDED from src/main/AndroidManifest.xml:56:22-78
uses-permission#android.permission.ACCESS_FINE_LOCATION
ADDED from src/main/AndroidManifest.xml:57:5-79
	android:name
		ADDED from src/main/AndroidManifest.xml:57:22-76
uses-permission#android.permission.CAMERA
ADDED from src/main/AndroidManifest.xml:58:5-65
	android:name
		ADDED from src/main/AndroidManifest.xml:58:22-62
uses-permission#android.permission.GET_TASKS
ADDED from src/main/AndroidManifest.xml:59:5-68
	android:name
		ADDED from src/main/AndroidManifest.xml:59:22-65
uses-permission#android.permission.MODIFY_AUDIO_SETTINGS
ADDED from src/main/AndroidManifest.xml:61:5-80
	android:name
		ADDED from src/main/AndroidManifest.xml:61:22-77
uses-permission#android.permission.RECEIVE_BOOT_COMPLETED
ADDED from src/main/AndroidManifest.xml:62:5-81
	android:name
		ADDED from src/main/AndroidManifest.xml:62:22-78
uses-permission#android.permission.RECORD_AUDIO
ADDED from src/main/AndroidManifest.xml:63:5-71
	android:name
		ADDED from src/main/AndroidManifest.xml:63:22-68
uses-permission#android.permission.READ_CONTACTS
ADDED from src/main/AndroidManifest.xml:64:5-72
	android:name
		ADDED from src/main/AndroidManifest.xml:64:22-69
uses-permission#android.permission.READ_SMS
ADDED from src/main/AndroidManifest.xml:65:5-67
	android:name
		ADDED from src/main/AndroidManifest.xml:65:22-64
uses-permission#android.permission.VIBRATE
ADDED from src/main/AndroidManifest.xml:66:5-66
	android:name
		ADDED from src/main/AndroidManifest.xml:66:22-63
uses-permission#android.permission.WAKE_LOCK
ADDED from src/main/AndroidManifest.xml:67:5-68
	android:name
		ADDED from src/main/AndroidManifest.xml:67:22-65
uses-permission#android.permission.WRITE_CONTACTS
ADDED from src/main/AndroidManifest.xml:68:5-73
	android:name
		ADDED from src/main/AndroidManifest.xml:68:22-70
uses-permission#android.permission.WRITE_SETTINGS
ADDED from src/main/AndroidManifest.xml:69:5-73
	android:name
		ADDED from src/main/AndroidManifest.xml:69:22-70
uses-permission#com.android.launcher.permission.INSTALL_SHORTCUT
ADDED from src/main/AndroidManifest.xml:70:5-88
	android:name
		ADDED from src/main/AndroidManifest.xml:70:22-85
uses-permission#com.android.launcher.permission.UNINSTALL_SHORTCUT
ADDED from src/main/AndroidManifest.xml:71:5-90
	android:name
		ADDED from src/main/AndroidManifest.xml:71:22-87
uses-permission#com.android.launcher.permission.READ_SETTINGS
ADDED from src/main/AndroidManifest.xml:72:5-85
	android:name
		ADDED from src/main/AndroidManifest.xml:72:22-82
uses-permission#com.tencent.mm.location.permission.SEND_VIEW
ADDED from src/main/AndroidManifest.xml:73:5-84
	android:name
		ADDED from src/main/AndroidManifest.xml:73:22-81
uses-permission#android.permission.BLUETOOTH
ADDED from src/main/AndroidManifest.xml:74:5-68
	android:name
		ADDED from src/main/AndroidManifest.xml:74:22-65
uses-permission#android.permission.BLUETOOTH_ADMIN
ADDED from src/main/AndroidManifest.xml:75:5-74
	android:name
		ADDED from src/main/AndroidManifest.xml:75:22-71
uses-permission#android.permission.BROADCAST_STICKY
ADDED from src/main/AndroidManifest.xml:76:5-75
	android:name
		ADDED from src/main/AndroidManifest.xml:76:22-72
uses-permission#android.permission.SYSTEM_ALERT_WINDOW
ADDED from src/main/AndroidManifest.xml:77:5-78
	android:name
		ADDED from src/main/AndroidManifest.xml:77:22-75
uses-permission#android.permission.CHANGE_WIFI_STATE
ADDED from src/main/AndroidManifest.xml:78:5-76
	android:name
		ADDED from src/main/AndroidManifest.xml:78:22-73
uses-permission#android.permission.GET_PACKAGE_SIZE
ADDED from src/main/AndroidManifest.xml:79:5-75
	android:name
		ADDED from src/main/AndroidManifest.xml:79:22-72
uses-permission#android.permission.ACCESS_WIFI_STATE
ADDED from src/main/AndroidManifest.xml:82:5-76
	android:name
		ADDED from src/main/AndroidManifest.xml:82:22-73
uses-permission#android.permission.GET_ACCOUNTS
ADDED from src/main/AndroidManifest.xml:84:5-71
	android:name
		ADDED from src/main/AndroidManifest.xml:84:22-68
uses-permission#android.permission.MANAGE_ACCOUNTS
ADDED from src/main/AndroidManifest.xml:85:5-74
	android:name
		ADDED from src/main/AndroidManifest.xml:85:22-71
uses-permission#android.permission.AUTHENTICATE_ACCOUNTS
ADDED from src/main/AndroidManifest.xml:86:5-80
	android:name
		ADDED from src/main/AndroidManifest.xml:86:22-77
uses-permission#android.permission.READ_SYNC_SETTINGS
ADDED from src/main/AndroidManifest.xml:87:5-77
	android:name
		ADDED from src/main/AndroidManifest.xml:87:22-74
uses-permission#android.permission.WRITE_SYNC_SETTINGS
ADDED from src/main/AndroidManifest.xml:88:5-78
	android:name
		ADDED from src/main/AndroidManifest.xml:88:22-75
uses-permission#android.permission.READ_PROFILE
ADDED from src/main/AndroidManifest.xml:89:5-71
	android:name
		ADDED from src/main/AndroidManifest.xml:89:22-68
uses-feature#android.hardware.bluetooth_le
ADDED from src/main/AndroidManifest.xml:91:5-93:36
	android:required
		ADDED from src/main/AndroidManifest.xml:93:9-33
	android:name
		ADDED from src/main/AndroidManifest.xml:92:9-53
uses-permission#com.tencent.mm.ext.permission.READ
ADDED from src/main/AndroidManifest.xml:95:5-74
	android:name
		ADDED from src/main/AndroidManifest.xml:95:22-71
uses-permission#com.tencent.mm.ext.permission.WRITE
ADDED from src/main/AndroidManifest.xml:96:5-75
	android:name
		ADDED from src/main/AndroidManifest.xml:96:22-72
uses-permission#com.google.android.c2dm.permission.RECEIVE
ADDED from src/main/AndroidManifest.xml:97:5-82
	android:name
		ADDED from src/main/AndroidManifest.xml:97:22-79
uses-permission#com.tencent.mm.permission.C2D_MESSAGE
ADDED from src/main/AndroidManifest.xml:98:5-77
	android:name
		ADDED from src/main/AndroidManifest.xml:98:22-74
uses-permission#com.android.vending.BILLING
ADDED from src/main/AndroidManifest.xml:99:5-67
	android:name
		ADDED from src/main/AndroidManifest.xml:99:22-64
uses-permission#android.permission.SET_WALLPAPER
ADDED from src/main/AndroidManifest.xml:103:5-72
	android:name
		ADDED from src/main/AndroidManifest.xml:103:22-69
uses-permission#android.permission.FLASHLIGHT
ADDED from src/main/AndroidManifest.xml:105:5-69
	android:name
		ADDED from src/main/AndroidManifest.xml:105:22-66
uses-permission#android.permission.KILL_BACKGROUND_PROCESSES
ADDED from src/main/AndroidManifest.xml:111:5-84
	android:name
		ADDED from src/main/AndroidManifest.xml:111:22-81
uses-permission#android.permission.RESTART_PACKAGES
ADDED from src/main/AndroidManifest.xml:113:5-75
	android:name
		ADDED from src/main/AndroidManifest.xml:113:22-72
uses-permission#android.permission.CHANGE_WIFI_MULTICAST_STATE
ADDED from src/main/AndroidManifest.xml:116:5-86
	android:name
		ADDED from src/main/AndroidManifest.xml:116:22-83
uses-permission#android.permission.PROCESS_OUTGOING_CALLS
ADDED from src/main/AndroidManifest.xml:118:5-81
	android:name
		ADDED from src/main/AndroidManifest.xml:118:22-78
uses-permission#android.permission.READ_EXTERNAL_STORAGE
ADDED from src/main/AndroidManifest.xml:119:5-80
	android:name
		ADDED from src/main/AndroidManifest.xml:119:22-77
uses-permission#android.permission.CHANGE_CONFIGURATION
ADDED from src/main/AndroidManifest.xml:126:5-79
	android:name
		ADDED from src/main/AndroidManifest.xml:126:22-76
uses-permission#android.permission.DISABLE_KEYGUARD
ADDED from src/main/AndroidManifest.xml:128:5-75
	android:name
		ADDED from src/main/AndroidManifest.xml:128:22-72
uses-permission#android.permission.SEND_SMS
ADDED from src/main/AndroidManifest.xml:136:5-67
	android:name
		ADDED from src/main/AndroidManifest.xml:136:22-64
uses-permission#android.permission.USE_CREDENTIALS
ADDED from src/main/AndroidManifest.xml:158:5-74
	android:name
		ADDED from src/main/AndroidManifest.xml:158:22-71
application
ADDED from src/main/AndroidManifest.xml:169:5-212:19
MERGED from [com.android.support:support-v4:20.0.0] AndroidManifest.xml:17:5-19
	android:label
		ADDED from src/main/AndroidManifest.xml:173:9-41
	android:allowBackup
		ADDED from src/main/AndroidManifest.xml:171:9-35
	android:icon
		ADDED from src/main/AndroidManifest.xml:172:9-45
	android:theme
		ADDED from src/main/AndroidManifest.xml:174:9-40
	android:name
		ADDED from src/main/AndroidManifest.xml:170:9-53
meta-data#apkplug-auth
ADDED from src/main/AndroidManifest.xml:175:9-251
	android:value
		ADDED from src/main/AndroidManifest.xml:175:49-237
	android:name
		ADDED from src/main/AndroidManifest.xml:175:21-48
meta-data#EASEMOB_APPKEY
ADDED from src/main/AndroidManifest.xml:176:9-178:55
	android:value
		ADDED from src/main/AndroidManifest.xml:178:13-52
	android:name
		ADDED from src/main/AndroidManifest.xml:177:13-42
activity#com.activity.MaketionActivity
ADDED from src/main/AndroidManifest.xml:179:9-183:20
	android:label
		ADDED from src/main/AndroidManifest.xml:181:13-45
	android:name
		ADDED from src/main/AndroidManifest.xml:180:13-57
activity#org.apkplug.app.apkplugActivity
ADDED from src/main/AndroidManifest.xml:184:9-191:20
	android:configChanges
		ADDED from src/main/AndroidManifest.xml:186:13-74
	android:theme
		ADDED from src/main/AndroidManifest.xml:187:13-72
	android:name
		ADDED from src/main/AndroidManifest.xml:185:13-59
intent-filter#android.intent.action.MAIN
ADDED from src/main/AndroidManifest.xml:188:13-190:29
action#android.intent.action.MAIN
ADDED from src/main/AndroidManifest.xml:189:17-69
	android:name
		ADDED from src/main/AndroidManifest.xml:189:25-66
service#org.apkplug.app.apkplugService
ADDED from src/main/AndroidManifest.xml:193:9-66
	android:name
		ADDED from src/main/AndroidManifest.xml:193:18-63
provider#org.apkplug.app.apkplugProvider
ADDED from src/main/AndroidManifest.xml:195:9-197:84
	android:authorities
		ADDED from src/main/AndroidManifest.xml:197:13-81
	android:name
		ADDED from src/main/AndroidManifest.xml:196:13-59
activity#com.activity.MainActivity
ADDED from src/main/AndroidManifest.xml:199:9-207:20
	android:label
		ADDED from src/main/AndroidManifest.xml:201:13-56
	android:name
		ADDED from src/main/AndroidManifest.xml:200:13-53
intent-filter#android.intent.action.MAIN+android.intent.category.LAUNCHER
ADDED from src/main/AndroidManifest.xml:202:13-206:29
category#android.intent.category.LAUNCHER
ADDED from src/main/AndroidManifest.xml:205:17-77
	android:name
		ADDED from src/main/AndroidManifest.xml:205:27-74
activity#com.activity.TestActivity
ADDED from src/main/AndroidManifest.xml:208:9-211:20
	android:label
		ADDED from src/main/AndroidManifest.xml:210:13-36
	android:name
		ADDED from src/main/AndroidManifest.xml:209:13-53